QuickWifi/proguard/seeds.txt
com.ben.quickwifi.BootCompletedReceiver
com.ben.quickwifi.BootCompletedReceiver: BootCompletedReceiver()
com.ben.quickwifi.BootCompletedReceiver: void onReceive(android.content.Context,android.content.Intent)
com.ben.quickwifi.BuildConfig
com.ben.quickwifi.BuildConfig: boolean DEBUG
com.ben.quickwifi.BuildConfig: BuildConfig()
com.ben.quickwifi.Constant
com.ben.quickwifi.Constant: int BUPT1
com.ben.quickwifi.Constant: int BUPT2
com.ben.quickwifi.Constant: int BUPT3
com.ben.quickwifi.Constant: int BUPT_OTHER
com.ben.quickwifi.Constant: java.lang.String BUPT1_PATH
com.ben.quickwifi.Constant: java.lang.String BUPT2_PATH
com.ben.quickwifi.Constant: java.lang.String BUPT3_PATH
com.ben.quickwifi.Constant: java.lang.String BUPT_OTHER_PATH
com.ben.quickwifi.Constant: Constant()
com.ben.quickwifi.CrashApplication
com.ben.quickwifi.CrashApplication: CrashApplication()
com.ben.quickwifi.CrashApplication: void onCreate()
com.ben.quickwifi.MainActivity
com.ben.quickwifi.MainActivity: MainActivity()
com.ben.quickwifi.MainActivity: void onCreate(android.os.Bundle)
com.ben.quickwifi.MainActivity: boolean onCreateOptionsMenu(android.view.Menu)
com.ben.quickwifi.MainActivity: boolean onMenuItemSelected(int,android.view.MenuItem)
com.ben.quickwifi.MainActivity$1: void onClick(android.view.View)
com.ben.quickwifi.MainActivity$2: void onClick(android.content.DialogInterface,int)
com.ben.quickwifi.MainActivity$3: void onClick(android.content.DialogInterface,int)
com.ben.quickwifi.MainActivity$4: void onClick(android.content.DialogInterface,int)
com.ben.quickwifi.MainActivity$5: void onClick(android.content.DialogInterface,int)
com.ben.quickwifi.NetThread
com.ben.quickwifi.NetThread: NetThread(android.os.Handler,android.content.Context,java.lang.String,java.lang.String,java.lang.String)
com.ben.quickwifi.NetThread: void run()
com.ben.quickwifi.NetThreadOff
com.ben.quickwifi.NetThreadOff: NetThreadOff(android.os.Handler,android.content.Context,java.lang.String)
com.ben.quickwifi.NetThreadOff: void run()
com.ben.quickwifi.QuickWifiService
com.ben.quickwifi.QuickWifiService: QuickWifiService()
com.ben.quickwifi.QuickWifiService: android.os.IBinder onBind(android.content.Intent)
com.ben.quickwifi.QuickWifiService: void onCreate()
com.ben.quickwifi.QuickWifiService: void onDestroy()
com.ben.quickwifi.QuickWifiService: void onStart(android.content.Intent,int)
com.ben.quickwifi.QuickWifiService$1: void onClick(android.content.DialogInterface,int)
com.ben.quickwifi.QuickWifiService$2: void onClick(android.content.DialogInterface,int)
com.ben.quickwifi.QuickWifiService$3: void onClick(android.content.DialogInterface,int)
com.ben.quickwifi.QuickWifiService$4: void handleMessage(android.os.Message)
com.ben.quickwifi.QuickWifiService$5: void run()
com.ben.quickwifi.QuickWifiService$ListenerTimer: void run()
com.ben.quickwifi.QuickWifiService$ScreenActionReceiver
com.ben.quickwifi.QuickWifiService$ScreenActionReceiver: QuickWifiService$ScreenActionReceiver(com.ben.quickwifi.QuickWifiService)
com.ben.quickwifi.QuickWifiService$ScreenActionReceiver: void onReceive(android.content.Context,android.content.Intent)
com.ben.quickwifi.QuickWifiService$ScreenActionReceiver: void registerScreenActionReceiver(android.content.Context)
com.ben.quickwifi.QuickWifiService$ScreenActionReceiver: void unRegisterScreenActionReceiver(android.content.Context)
com.ben.quickwifi.QuickWifiService$WifiStatusReceiver
com.ben.quickwifi.QuickWifiService$WifiStatusReceiver: QuickWifiService$WifiStatusReceiver(com.ben.quickwifi.QuickWifiService)
com.ben.quickwifi.QuickWifiService$WifiStatusReceiver: void onReceive(android.content.Context,android.content.Intent)
com.ben.quickwifi.R
com.ben.quickwifi.R: R()
com.ben.quickwifi.R$attr
com.ben.quickwifi.R$attr: R$attr()
...
android.annotation.SuppressLint
android.annotation.SuppressLint: java.lang.String[] value()
android.annotation.TargetApi
android.annotation.TargetApi: int value()
com.ben.ap.AP
com.ben.ap.AP: java.lang.String mSsid
com.ben.ap.AP: android.os.Handler mHandler
com.ben.ap.AP: AP()
com.ben.ap.AP: java.util.ArrayList getLoginParam()
com.ben.ap.AP: int startDisconnect()
com.ben.ap.AP: int startConnect()
com.ben.ap.AP: org.apache.http.client.HttpClient getHttpClient()
com.ben.ap.BUPT1
com.ben.ap.BUPT1: java.lang.String getConnPath()
com.ben.ap.BUPT1: java.lang.String getDisconnPath()
com.ben.ap.BUPT1: BUPT1(java.lang.String,java.lang.String)
com.ben.ap.BUPT1: BUPT1()
com.ben.ap.BUPT1: java.util.ArrayList getLoginParam()
com.ben.ap.BUPT1: int startDisconnect()
com.ben.ap.BUPT1_OLD
com.ben.ap.BUPT1_OLD: java.lang.String getConnPath()
com.ben.ap.BUPT1_OLD: java.lang.String getDisconnPath()
com.ben.ap.BUPT1_OLD: BUPT1_OLD(java.lang.String,java.lang.String)
com.ben.ap.BUPT1_OLD: BUPT1_OLD()
com.ben.ap.BUPT1_OLD: java.util.ArrayList getLoginParam()
com.ben.ap.BUPT1_OLD: int startDisconnect()
com.ben.ap.BUPT2
com.ben.ap.BUPT2: java.lang.String getConnPath()
com.ben.ap.BUPT2: java.lang.String getDisconnPath()
com.ben.ap.BUPT2: BUPT2(java.lang.String,java.lang.String)
com.ben.ap.BUPT2: BUPT2()
com.ben.ap.BUPT2: java.util.ArrayList getLoginParam()
com.ben.ap.BUPT2: int startDisconnect()
com.ben.ap.BUPT2_OLD
com.ben.ap.BUPT2_OLD: java.lang.String getConnPath()
com.ben.ap.BUPT2_OLD: java.lang.String getDisconnPath()
com.ben.ap.BUPT2_OLD: BUPT2_OLD(java.lang.String,java.lang.String)
com.ben.ap.BUPT2_OLD: BUPT2_OLD()
com.ben.ap.BUPT2_OLD: java.util.ArrayList getLoginParam()
com.ben.ap.BUPT2_OLD: java.util.ArrayList getLogoffParam()
com.ben.ap.BUPT2_OLD: int startDisconnect()
com.ben.ap.BUPT3
com.ben.ap.BUPT3: java.lang.String getConnPath()
com.ben.ap.BUPT3: java.lang.String getDisconnPath()
com.ben.ap.BUPT3: BUPT3(java.lang.String,java.lang.String)
com.ben.ap.BUPT3: BUPT3()
com.ben.ap.BUPT3: java.util.ArrayList getLoginParam()
com.ben.ap.BUPT3: int startDisconnect()
com.ben.ap.BUPT3_OLD
com.ben.ap.BUPT3_OLD: java.lang.String getConnPath()
com.ben.ap.BUPT3_OLD: java.lang.String getDisconnPath()
com.ben.ap.BUPT3_OLD: BUPT3_OLD(java.lang.String,java.lang.String)
com.ben.ap.BUPT3_OLD: BUPT3_OLD()
com.ben.ap.BUPT3_OLD: java.util.ArrayList getLoginParam()
com.ben.ap.BUPT3_OLD: int startDisconnect()
com.ben.ap.BUPT_OTHER
com.ben.ap.BUPT_OTHER: java.lang.String getConnPath()
com.ben.ap.BUPT_OTHER: java.lang.String getDisconnPath()
com.ben.ap.BUPT_OTHER: BUPT_OTHER(java.lang.String,java.lang.String)
com.ben.ap.BUPT_OTHER: BUPT_OTHER()
com.ben.ap.BUPT_OTHER: java.util.ArrayList getLoginParam()
com.ben.ap.BUPT_OTHER: void setLoginParam(java.util.ArrayList)
com.ben.ap.BUPT_OTHER: int startDisconnect()
com.ben.ap.CMCC
com.ben.ap.CMCC: CMCC()
com.ben.ap.ChinaUnicom
com.ben.ap.ChinaUnicom: java.lang.String getConnPath()
com.ben.ap.ChinaUnicom: java.lang.String getDisconnPath()
com.ben.ap.ChinaUnicom: ChinaUnicom(java.lang.String,java.lang.String)
com.ben.ap.ChinaUnicom: ChinaUnicom()
com.ben.ap.ChinaUnicom: java.util.ArrayList getLoginParam()
com.ben.ap.ChinaUnicom: java.util.ArrayList getLogoffParam()
com.ben.ap.ChinaUnicom: int startDisconnect()
com.ben.exception.CrashHandler
com.ben.exception.CrashHandler: com.ben.exception.CrashHandler getInstance()
com.ben.exception.CrashHandler: void init(android.content.Context)
com.ben.exception.CrashHandler: void uncaughtException(java.lang.Thread,java.lang.Throwable)
com.ben.exception.CrashHandler: boolean handleException(java.lang.Throwable)
com.ben.exception.CrashHandler: void collectDeviceInfo(android.content.Context)
com.ben.exception.CrashHandler$1: void run()
com.ben.update.ParseXmlService
com.ben.update.ParseXmlService: ParseXmlService()
com.ben.update.ParseXmlService: java.util.HashMap parseXml(java.io.InputStream)