QuickWifi/proguard/mapping.txt
com.ben.quickwifi.BootCompletedReceiver -> com.ben.quickwifi.BootCompletedReceiver:
    void onReceive(android.content.Context,android.content.Intent) -> onReceive
com.ben.quickwifi.BuildConfig -> com.ben.quickwifi.BuildConfig:
    boolean DEBUG -> DEBUG
com.ben.quickwifi.Constant -> com.ben.quickwifi.Constant:
    int BUPT1 -> BUPT1
    int BUPT2 -> BUPT2
    int BUPT3 -> BUPT3
    int BUPT_OTHER -> BUPT_OTHER
    java.lang.String BUPT1_PATH -> BUPT1_PATH
    java.lang.String BUPT2_PATH -> BUPT2_PATH
    java.lang.String BUPT3_PATH -> BUPT3_PATH
    java.lang.String BUPT_OTHER_PATH -> BUPT_OTHER_PATH
com.ben.quickwifi.CrashApplication -> com.ben.quickwifi.CrashApplication:
    void onCreate() -> onCreate
com.ben.quickwifi.MainActivity -> com.ben.quickwifi.MainActivity:
    android.widget.EditText mUserName -> a
    android.widget.EditText mUserPwd -> b
    android.widget.Button mSubmit -> c
    android.widget.ToggleButton mLockDisconn -> d
    android.widget.ToggleButton mWeakDisconn -> e
    android.widget.ToggleButton mNotable -> f
    android.widget.ToggleButton mAutologin -> g
    android.content.SharedPreferences sp -> h
    android.net.wifi.WifiManager wm -> i
    void onCreate(android.os.Bundle) -> onCreate
    void popAboutDialog() -> a
    boolean onCreateOptionsMenu(android.view.Menu) -> onCreateOptionsMenu
    boolean onMenuItemSelected(int,android.view.MenuItem) -> onMenuItemSelected
    android.content.SharedPreferences access$0(com.ben.quickwifi.MainActivity) -> a
    android.widget.EditText access$1(com.ben.quickwifi.MainActivity) -> b
    android.widget.EditText access$2(com.ben.quickwifi.MainActivity) -> c
    android.widget.ToggleButton access$3(com.ben.quickwifi.MainActivity) -> d
    android.widget.ToggleButton access$4(com.ben.quickwifi.MainActivity) -> e
    android.widget.ToggleButton access$5(com.ben.quickwifi.MainActivity) -> f
    android.widget.ToggleButton access$6(com.ben.quickwifi.MainActivity) -> g
    android.net.wifi.WifiManager access$7(com.ben.quickwifi.MainActivity) -> h
com.ben.quickwifi.MainActivity$1 -> com.ben.quickwifi.a:
    com.ben.quickwifi.MainActivity this$0 -> a
    void onClick(android.view.View) -> onClick
com.ben.quickwifi.MainActivity$2 -> com.ben.quickwifi.b:
    com.ben.quickwifi.MainActivity this$0 -> a
    void onClick(android.content.DialogInterface,int) -> onClick
com.ben.quickwifi.MainActivity$3 -> com.ben.quickwifi.c:
    com.ben.quickwifi.MainActivity this$0 -> a
    void onClick(android.content.DialogInterface,int) -> onClick
com.ben.quickwifi.MainActivity$4 -> com.ben.quickwifi.d:
    com.ben.quickwifi.MainActivity this$0 -> a
    void onClick(android.content.DialogInterface,int) -> onClick
com.ben.quickwifi.MainActivity$5 -> com.ben.quickwifi.e:
    com.ben.quickwifi.MainActivity this$0 -> a
    void onClick(android.content.DialogInterface,int) -> onClick
com.ben.quickwifi.NetThread -> com.ben.quickwifi.NetThread:
    java.lang.String apName -> a
    java.lang.String mUserName -> b
    java.lang.String mUserPwd -> c
    com.ben.ap.AP ap -> d
    android.content.Context mContext -> e
    android.os.Handler mHandler -> f
    void run() -> run
com.ben.quickwifi.NetThreadOff -> com.ben.quickwifi.NetThreadOff:
    java.lang.String apName -> a
    com.ben.ap.AP ap -> b
    android.content.Context mContext -> c
    android.os.Handler mHandler -> d
    void run() -> run
...
android.annotation.SuppressLint -> android.annotation.SuppressLint:
    java.lang.String[] value() -> value
android.annotation.TargetApi -> android.annotation.TargetApi:
    int value() -> value
com.ben.ap.AP -> com.ben.ap.AP:
    java.lang.String mSsid -> mSsid
    android.os.Handler mHandler -> mHandler
    java.util.ArrayList getLoginParam() -> getLoginParam
    int startDisconnect() -> startDisconnect
    java.lang.String getConnPath() -> getConnPath
    int startConnect() -> startConnect
    org.apache.http.client.HttpClient getHttpClient() -> getHttpClient
com.ben.ap.BUPT1 -> com.ben.ap.BUPT1:
    java.util.ArrayList param -> a
    java.lang.String mConnPath -> b
    java.lang.String mDisconnPath -> c
    java.lang.String getConnPath() -> getConnPath
    java.lang.String getDisconnPath() -> getDisconnPath
    java.util.ArrayList getLoginParam() -> getLoginParam
    int startDisconnect() -> startDisconnect
com.ben.ap.BUPT1_OLD -> com.ben.ap.BUPT1_OLD:
    java.util.ArrayList mConnParam -> a
    java.lang.String mConnPath -> b
    java.lang.String mDisconnPath -> c
    java.lang.String getConnPath() -> getConnPath
    java.lang.String getDisconnPath() -> getDisconnPath
    java.util.ArrayList getLoginParam() -> getLoginParam
    int startDisconnect() -> startDisconnect
com.ben.ap.BUPT2 -> com.ben.ap.BUPT2:
    java.util.ArrayList param -> a
    java.lang.String mConnPath -> b
    java.lang.String mDisconnPath -> c
    java.lang.String getConnPath() -> getConnPath
    java.lang.String getDisconnPath() -> getDisconnPath
    java.util.ArrayList getLoginParam() -> getLoginParam
    int startDisconnect() -> startDisconnect
com.ben.ap.BUPT2_OLD -> com.ben.ap.BUPT2_OLD:
    java.util.ArrayList mConnParam -> a
    java.util.ArrayList mDisconnParam -> b
    java.lang.String mConnPath -> c
    java.lang.String mDisconnPath -> d
    java.lang.String getConnPath() -> getConnPath
    java.lang.String getDisconnPath() -> getDisconnPath
    java.util.ArrayList getLoginParam() -> getLoginParam
    java.util.ArrayList getLogoffParam() -> getLogoffParam
    int startDisconnect() -> startDisconnect
com.ben.ap.BUPT3 -> com.ben.ap.BUPT3:
    java.util.ArrayList param -> a
    java.lang.String mConnPath -> b
    java.lang.String mDisconnPath -> c
    java.lang.String getConnPath() -> getConnPath
    java.lang.String getDisconnPath() -> getDisconnPath
    java.util.ArrayList getLoginParam() -> getLoginParam
    int startDisconnect() -> startDisconnect
com.ben.ap.BUPT3_OLD -> com.ben.ap.BUPT3_OLD:
    java.util.ArrayList param -> a
    java.lang.String mConnPath -> b
    java.lang.String mDisconnPath -> c
    java.lang.String getConnPath() -> getConnPath
    java.lang.String getDisconnPath() -> getDisconnPath
    java.util.ArrayList getLoginParam() -> getLoginParam
    int startDisconnect() -> startDisconnect
com.ben.ap.BUPT_OTHER -> com.ben.ap.BUPT_OTHER:
    java.util.ArrayList param -> a
    java.lang.String mConnPath -> b
    java.lang.String mDisconnPath -> c
    java.lang.String getConnPath() -> getConnPath
    java.lang.String getDisconnPath() -> getDisconnPath
    java.util.ArrayList getLoginParam() -> getLoginParam
    void setLoginParam(java.util.ArrayList) -> setLoginParam
    int startDisconnect() -> startDisconnect
com.ben.ap.CMCC -> com.ben.ap.CMCC:
com.ben.ap.ChinaUnicom -> com.ben.ap.ChinaUnicom:
    java.util.ArrayList mConnParam -> a
    java.util.ArrayList mDisconnParam -> b
    java.lang.String mConnPath -> c
    java.lang.String mDisconnPath -> d
    java.lang.String getConnPath() -> getConnPath
    java.lang.String getDisconnPath() -> getDisconnPath
    java.util.ArrayList getLoginParam() -> getLoginParam
    java.util.ArrayList getLogoffParam() -> getLogoffParam
    int startDisconnect() -> startDisconnect